<?xml version="1.0" encoding="utf-8"?><testsuites name="pytest tests"><testsuite name="pytest" errors="0" failures="0" skipped="0" tests="14" time="4.032" timestamp="2026-09-14T20:16:40.146645+00:00" hostname="agent-env-722e1919-9d00-48d4-962c-9dd76c44cece"><testcase classname="tests.test_iter7_excel_edit" name="test_unit_patch_active_toggle" time="0.826" /><testcase classname="tests.test_iter7_excel_edit" name="test_unit_patch_partial_fields" time="0.185" /><testcase classname="tests.test_iter7_excel_edit" name="test_unit_patch_empty_body" time="0.073" /><testcase classname="tests.test_iter7_excel_edit" name="test_unit_patch_not_found" time="0.073" /><testcase classname="tests.test_iter7_excel_edit" name="test_person_patch_unit_id_and_active" time="0.308" /><testcase classname="tests.test_iter7_excel_edit" name="test_person_create_with_unit_id_and_cleanup" time="0.145" /><testcase classname="tests.test_iter7_excel_edit" name="test_import_collections_success_and_errors" time="0.452" /><testcase classname="tests.test_iter7_excel_edit" name="test_import_collections_duplicate_reference" time="0.189" /><testcase classname="tests.test_iter7_excel_edit" name="test_import_collections_invalid_kind" time="0.076" /><testcase classname="tests.test_iter7_excel_edit" name="test_import_natural_gas_success" time="0.160" /><testcase classname="tests.test_iter7_excel_edit" name="test_import_natural_gas_closed_period_blocks" time="0.246" /><testcase classname="tests.test_iter7_excel_edit" name="test_regression_admin_login" time="0.319" /><testcase classname="tests.test_iter7_excel_edit" name="test_regression_active_units_count" time="0.074" /><testcase classname="tests.test_iter7_excel_edit" name="test_regression_active_persons_count" time="0.073" /></testsuite></testsuites>