<?xml version="1.0" encoding="utf-8"?><testsuites name="pytest tests"><testsuite name="pytest" errors="0" failures="1" skipped="0" tests="11" time="6.771" timestamp="2026-09-14T17:57:47.239215+00:00" hostname="agent-env-722e1919-9d00-48d4-962c-9dd76c44cece"><testcase classname="tests.test_iter6_new_features" name="test_refresh_no_token" time="0.320" /><testcase classname="tests.test_iter6_new_features" name="test_refresh_with_token" time="1.548" /><testcase classname="tests.test_iter6_new_features" name="test_change_password_wrong_current" time="0.278" /><testcase classname="tests.test_iter6_new_features" name="test_change_password_flow_and_restore" time="1.950" /><testcase classname="tests.test_iter6_new_features" name="test_forgot_password_creates_record_and_returns_ok" time="0.375" /><testcase classname="tests.test_iter6_new_features" name="test_forgot_password_unknown_email_still_200" time="0.054" /><testcase classname="tests.test_iter6_new_features" name="test_reset_password_flow_invalid_and_valid" time="0.937" /><testcase classname="tests.test_iter6_new_features" name="test_dashboard_activity_shape" time="0.148" /><testcase classname="tests.test_iter6_new_features" name="test_dashboard_activity_requires_auth" time="0.061"><failure message="assert 200 == 401&#10; +  where 200 = &lt;Response [200]&gt;.status_code">backend/tests/test_iter6_new_features.py:187: in test_dashboard_activity_requires_auth
    assert r.status_code == 401
E   assert 200 == 401
E    +  where 200 = &lt;Response [200]&gt;.status_code</failure></testcase><testcase classname="tests.test_iter6_new_features" name="test_regression_login_and_me" time="0.328" /><testcase classname="tests.test_iter6_new_features" name="test_regression_data_intact" time="0.112" /></testsuite></testsuites>