<?xml version="1.0" encoding="utf-8"?><testsuites name="pytest tests"><testsuite name="pytest" errors="0" failures="0" skipped="0" tests="17" time="4.214" timestamp="2026-09-14T16:41:23.058073+00:00" hostname="agent-env-722e1919-9d00-48d4-962c-9dd76c44cece"><testcase classname="tests.test_asys_401_verification" name="test_01_setup_status_false" time="0.278" /><testcase classname="tests.test_asys_401_verification" name="test_02_login_ok" time="0.317" /><testcase classname="tests.test_asys_401_verification" name="test_03_me_with_token" time="0.088" /><testcase classname="tests.test_asys_401_verification" name="test_04_me_without_token_401" time="0.271" /><testcase classname="tests.test_asys_401_verification" name="test_05_me_bad_token" time="0.185" /><testcase classname="tests.test_asys_401_verification" name="test_10_sites_have_data" time="0.084" /><testcase classname="tests.test_asys_401_verification" name="test_11_blocks_have_data" time="0.087" /><testcase classname="tests.test_asys_401_verification" name="test_12_units_have_data" time="0.115" /><testcase classname="tests.test_asys_401_verification" name="test_13_persons_have_data" time="0.074" /><testcase classname="tests.test_asys_401_verification" name="test_14_accounts_have_data" time="0.100" /><testcase classname="tests.test_asys_401_verification" name="test_20_dashboard" time="0.122" /><testcase classname="tests.test_asys_401_verification" name="test_30_sync_batch_no_auth_401" time="0.227" /><testcase classname="tests.test_asys_401_verification" name="test_31_sync_batch_with_auth" time="0.081" /><testcase classname="tests.test_asys_401_verification" name="test_40_collection_regression" time="0.174" /><testcase classname="tests.test_asys_401_verification" name="test_41_duplicate_bank_reference_409" time="0.245" /><testcase classname="tests.test_asys_401_verification" name="test_50_debtors_xlsx" time="0.094" /><testcase classname="tests.test_asys_401_verification" name="test_99_no_data_loss" time="0.073" /></testsuite></testsuites>