<?xml version="1.0" encoding="utf-8"?><testsuites name="pytest tests"><testsuite name="pytest" errors="0" failures="0" skipped="0" tests="17" time="3.484" timestamp="2026-09-14T16:22:51.258272+00:00" hostname="agent-env-722e1919-9d00-48d4-962c-9dd76c44cece"><testcase classname="tests.test_asys_401_verification" name="test_01_setup_status_false" time="0.194" /><testcase classname="tests.test_asys_401_verification" name="test_02_login_ok" time="0.304" /><testcase classname="tests.test_asys_401_verification" name="test_03_me_with_token" time="0.071" /><testcase classname="tests.test_asys_401_verification" name="test_04_me_without_token_401" time="0.160" /><testcase classname="tests.test_asys_401_verification" name="test_05_me_bad_token" time="0.177" /><testcase classname="tests.test_asys_401_verification" name="test_10_sites_have_data" time="0.069" /><testcase classname="tests.test_asys_401_verification" name="test_11_blocks_have_data" time="0.075" /><testcase classname="tests.test_asys_401_verification" name="test_12_units_have_data" time="0.070" /><testcase classname="tests.test_asys_401_verification" name="test_13_persons_have_data" time="0.071" /><testcase classname="tests.test_asys_401_verification" name="test_14_accounts_have_data" time="0.076" /><testcase classname="tests.test_asys_401_verification" name="test_20_dashboard" time="0.086" /><testcase classname="tests.test_asys_401_verification" name="test_30_sync_batch_no_auth_401" time="0.184" /><testcase classname="tests.test_asys_401_verification" name="test_31_sync_batch_with_auth" time="0.103" /><testcase classname="tests.test_asys_401_verification" name="test_40_collection_regression" time="0.148" /><testcase classname="tests.test_asys_401_verification" name="test_41_duplicate_bank_reference_409" time="0.217" /><testcase classname="tests.test_asys_401_verification" name="test_50_debtors_xlsx" time="0.298" /><testcase classname="tests.test_asys_401_verification" name="test_99_no_data_loss" time="0.018" /></testsuite></testsuites>