<?xml version="1.0" encoding="utf-8"?><testsuites name="pytest tests"><testsuite name="pytest" errors="0" failures="0" skipped="0" tests="6" time="2.751" timestamp="2026-09-14T17:46:16.979943+00:00" hostname="agent-env-722e1919-9d00-48d4-962c-9dd76c44cece"><testcase classname="tests.test_login_reset_verify" name="test_login_success_returns_user" time="0.400" /><testcase classname="tests.test_login_reset_verify" name="test_login_wrong_password_returns_401" time="0.345" /><testcase classname="tests.test_login_reset_verify" name="test_auth_me" time="0.537" /><testcase classname="tests.test_login_reset_verify" name="test_sites_has_test_site" time="0.153" /><testcase classname="tests.test_login_reset_verify" name="test_dashboard_kpis" time="0.279" /><testcase classname="tests.test_login_reset_verify" name="test_data_persistence_units_persons" time="0.573" /></testsuite></testsuites>