<?xml version="1.0" encoding="utf-8"?><testsuites name="pytest tests"><testsuite name="pytest" errors="0" failures="0" skipped="0" tests="33" time="6.892" timestamp="2026-09-14T15:31:33.667282+00:00" hostname="agent-env-722e1919-9d00-48d4-962c-9dd76c44cece"><testcase classname="tests.test_asys_backend" name="test_01_setup_status_required" time="0.365" /><testcase classname="tests.test_asys_backend" name="test_02_setup_admin_create" time="0.335" /><testcase classname="tests.test_asys_backend" name="test_03_setup_admin_second_fails" time="0.069" /><testcase classname="tests.test_asys_backend" name="test_04_login_wrong_pw" time="0.302" /><testcase classname="tests.test_asys_backend" name="test_05_login_ok" time="0.306" /><testcase classname="tests.test_asys_backend" name="test_06_me" time="0.066" /><testcase classname="tests.test_asys_backend" name="test_10_create_site" time="0.083" /><testcase classname="tests.test_asys_backend" name="test_11_create_block" time="0.084" /><testcase classname="tests.test_asys_backend" name="test_12_create_units" time="0.216" /><testcase classname="tests.test_asys_backend" name="test_13_create_persons" time="0.145" /><testcase classname="tests.test_asys_backend" name="test_20_create_accounts" time="0.172" /><testcase classname="tests.test_asys_backend" name="test_21_accounts_list_balances" time="0.077" /><testcase classname="tests.test_asys_backend" name="test_30_accrual_batch_esit" time="0.160" /><testcase classname="tests.test_asys_backend" name="test_31_accrual_batch_m2" time="0.151" /><testcase classname="tests.test_asys_backend" name="test_32_accrual_extra" time="0.080" /><testcase classname="tests.test_asys_backend" name="test_33_accrual_reverse_unpaid" time="0.073" /><testcase classname="tests.test_asys_backend" name="test_40_collection_partial" time="0.104" /><testcase classname="tests.test_asys_backend" name="test_41_collection_full" time="0.075" /><testcase classname="tests.test_asys_backend" name="test_42_collection_overpay_advance" time="0.253" /><testcase classname="tests.test_asys_backend" name="test_43_collection_duplicate_reference" time="0.073" /><testcase classname="tests.test_asys_backend" name="test_50_expense" time="0.080" /><testcase classname="tests.test_asys_backend" name="test_60_transfer" time="0.067" /><testcase classname="tests.test_asys_backend" name="test_61_account_balances_final" time="0.070" /><testcase classname="tests.test_asys_backend" name="test_70_journal_balanced" time="0.068" /><testcase classname="tests.test_asys_backend" name="test_80_dashboard" time="0.077" /><testcase classname="tests.test_asys_backend" name="test_81_debtors_json" time="0.071" /><testcase classname="tests.test_asys_backend" name="test_82_debtors_xlsx" time="0.433" /><testcase classname="tests.test_asys_backend" name="test_83_debtors_pdf" time="0.098" /><testcase classname="tests.test_asys_backend" name="test_84_income_expense" time="0.078" /><testcase classname="tests.test_asys_backend" name="test_90_period_close_blocks_writes" time="0.154" /><testcase classname="tests.test_asys_backend" name="test_91_period_reopen_reason_required" time="0.210" /><testcase classname="tests.test_asys_backend" name="test_95_register_denetci_and_rbac" time="0.964" /><testcase classname="tests.test_asys_backend" name="test_99_audit_logs" time="0.075" /></testsuite></testsuites>